<?xml version="1.0" encoding="UTF-8"?>
<!-- Generated by org.testng.reporters.JUnitXMLReporter -->
<testsuite ignored="0" hostname="XPS9560" failures="0" tests="3" name="Home Page Title check" time="0.073" errors="0" timestamp="2020-08-25T14:43:47 IST">
  <testcase classname="Academy.ValidateTitle" name="@BeforeTest browserInitialise" time="0.009">
    <failure type="java.lang.NullPointerException">
      <![CDATA[java.lang.NullPointerException
at resources.base.initialiseBrowser(base.java:38)
at Academy.ValidateTitle.browserInitialise(ValidateTitle.java:22)
at java.base/java.util.concurrent.FutureTask.run(FutureTask.java:264)
at java.base/java.util.concurrent.ThreadPoolExecutor.runWorker(ThreadPoolExecutor.java:1130)
at java.base/java.util.concurrent.ThreadPoolExecutor$Worker.run(ThreadPoolExecutor.java:630)
at java.base/java.lang.Thread.run(Thread.java:832)
... Removed 15 stack frames]]>
    </failure>
  </testcase> <!-- @BeforeTest browserInitialise -->
  <testcase classname="Academy.ValidateTitle" name="@AfterTest tearDown" time="-1.598346827186E9">
    <skipped/>
  </testcase> <!-- @AfterTest tearDown -->
  <testcase classname="Academy.ValidateTitle" name="getHeader" time="0.0">
    <skipped/>
  </testcase> <!-- getHeader -->
  <testcase classname="Academy.ValidateTitle" name="getTitle" time="0.0">
    <skipped/>
  </testcase> <!-- getTitle -->
  <testcase classname="Academy.ValidateTitle" name="getTitleFailed" time="0.0">
    <skipped/>
  </testcase> <!-- getTitleFailed -->
</testsuite> <!-- Home Page Title check -->
