<?xml version="1.0" encoding="UTF-8"?>
<!-- Generated by org.testng.reporters.JUnitXMLReporter -->
<testsuite ignored="0" hostname="XPS9560" failures="1" tests="3" name="Home Page Title check" time="14.23" errors="0" timestamp="2020-09-20T18:32:40 IST">
  <testcase classname="Academy.ValidateTitle" name="getHeader" time="0.046"/>
  <testcase classname="Academy.ValidateTitle" name="getTitle" time="0.037"/>
  <testcase classname="Academy.ValidateTitle" name="getTitleFailed" time="0.028">
    <failure type="java.lang.AssertionError" message="expected [FEATUREDCOURSES] but found [FEATURED COURSES]">
      <![CDATA[java.lang.AssertionError: expected [FEATUREDCOURSES] but found [FEATURED COURSES]
at Academy.ValidateTitle.getTitleFailed(ValidateTitle.java:46)
at java.base/java.util.ArrayList.forEach(ArrayList.java:1510)
at java.base/java.util.concurrent.FutureTask.run(FutureTask.java:264)
at java.base/java.util.concurrent.ThreadPoolExecutor.runWorker(ThreadPoolExecutor.java:1130)
at java.base/java.util.concurrent.ThreadPoolExecutor$Worker.run(ThreadPoolExecutor.java:630)
at java.base/java.lang.Thread.run(Thread.java:832)
... Removed 24 stack frames]]>
    </failure>
  </testcase> <!-- getTitleFailed -->
</testsuite> <!-- Home Page Title check -->
