<?xml version="1.0" encoding="UTF-8"?>
<!-- Generated by org.testng.reporters.JUnitXMLReporter -->
<testsuite ignored="0" hostname="XPS9560" failures="0" tests="3" name="Login Check" time="13.404" errors="0" timestamp="2020-09-20T18:32:39 IST">
  <testcase classname="Academy.LoginHome" name="LoginPage" time="0.617"/>
  <testcase classname="Academy.LoginHome" name="LoginPage" time="0.406"/>
  <testcase classname="Academy.LoginHome" name="LoginPage" time="0.31"/>
</testsuite> <!-- Login Check -->
