<?xml version="1.0" encoding="UTF-8"?>
<!-- Generated by org.testng.reporters.JUnitXMLReporter -->
<testsuite ignored="0" hostname="XPS9560" failures="0" tests="4" name="Test" time="25.838" errors="0" timestamp="2020-08-09T18:17:11 IST">
  <testcase classname="Academy.ValidateTitle" name="getTitle" time="0.112"/>
  <testcase classname="Academy.HomePage" name="LoginPage" time="0.887"/>
  <testcase classname="Academy.HomePage" name="LoginPage" time="0.854"/>
  <testcase classname="Academy.HomePage" name="LoginPage" time="1.123"/>
</testsuite> <!-- Test -->
