<?xml version="1.0" encoding="UTF-8"?>
<!-- Generated by org.testng.reporters.JUnitXMLReporter -->
<testsuite ignored="0" hostname="XPS9560" failures="0" tests="3" name="Login Check" time="14.779" errors="0" timestamp="2020-08-25T14:54:23 IST">
  <testcase classname="Academy.LoginHome" name="LoginPage" time="0.292"/>
  <testcase classname="Academy.LoginHome" name="LoginPage" time="0.225"/>
  <testcase classname="Academy.LoginHome" name="LoginPage" time="0.227"/>
</testsuite> <!-- Login Check -->
