<?xml version="1.0" encoding="UTF-8"?>
<!-- Generated by org.testng.reporters.JUnitXMLReporter -->
<testsuite ignored="0" hostname="XPS9560" failures="0" tests="3" name="Login Check" time="14.821" errors="0" timestamp="2020-09-20T18:37:12 IST">
  <testcase classname="Academy.LoginHome" name="LoginPage" time="0.559"/>
  <testcase classname="Academy.LoginHome" name="LoginPage" time="0.479"/>
  <testcase classname="Academy.LoginHome" name="LoginPage" time="0.925"/>
</testsuite> <!-- Login Check -->
