<?xml version="1.0" encoding="UTF-8"?>
<testsuite xmlns:xsi="http://www.w3.org/2001/XMLSchema-instance" xsi:noNamespaceSchemaLocation="https://maven.apache.org/surefire/maven-surefire-plugin/xsd/surefire-test-report-3.0.xsd" version="3.0" name="TestSuite" time="17.189" tests="7" errors="0" skipped="0" failures="1">
  <properties>
[...]
</properties>
  <testcase name="getNavBar" classname="Academy.ValidateNavBar" time="0.001">
    <system-out><![CDATA[opera
opera
opera
]]></system-out>
    <system-err><![CDATA[Starting OperaDriver 85.0.4183.102 (ffe848af6a5df4fa127e2929331116b7f9f1cb30-refs/branch-heads/4183@{#1770}) on port 41706
Only local connections are allowed.
Please see https://chromedriver.chromium.org/security-considerations for suggestions on keeping OperaDriver safe.
OperaDriver was started successfully.
Starting OperaDriver 85.0.4183.102 (ffe848af6a5df4fa127e2929331116b7f9f1cb30-refs/branch-heads/4183@{#1770}) on port 42260
Only local connections are allowed.
Please see https://chromedriver.chromium.org/security-considerations for suggestions on keeping OperaDriver safe.
OperaDriver was started successfully.
Starting OperaDriver 85.0.4183.102 (ffe848af6a5df4fa127e2929331116b7f9f1cb30-refs/branch-heads/4183@{#1770}) on port 34984
Only local connections are allowed.
Please see https://chromedriver.chromium.org/security-considerations for suggestions on keeping OperaDriver safe.
OperaDriver was started successfully.
Sep 20, 2020 6:37:01 PM org.openqa.selenium.remote.ProtocolHandshake createSession
INFO: Detected dialect: OSS
Sep 20, 2020 6:37:01 PM org.openqa.selenium.remote.ProtocolHandshake createSession
INFO: Detected dialect: OSS
Sep 20, 2020 6:37:02 PM org.openqa.selenium.remote.ProtocolHandshake createSession
INFO: Detected dialect: OSS
]]></system-err>
  </testcase>
  <testcase name="LoginPage[user1@gmail.com, User1](1)" classname="Academy.LoginHome" time="0.56"/>
  <testcase name="LoginPage[user2@gmail.com, User2](2)" classname="Academy.LoginHome" time="0"/>
  <testcase name="LoginPage[user3@gmail.com, User3](3)" classname="Academy.LoginHome" time="0.881"/>
  <testcase name="getHeader" classname="Academy.ValidateTitle" time="0.1">
    <system-out><![CDATA[AN ACADEMY TO LEARN EVERYTHING ABOUT TESTING
]]></system-out>
  </testcase>
  <testcase name="getTitle" classname="Academy.ValidateTitle" time="0.037"/>
  <testcase name="getTitleFailed" classname="Academy.ValidateTitle" time="2.023">
    <failure message="expected [FEATUREDCOURSES] but found [FEATURED COURSES]" type="java.lang.AssertionError"><![CDATA[java.lang.AssertionError: expected [FEATUREDCOURSES] but found [FEATURED COURSES]
	at Academy.ValidateTitle.getTitleFailed(ValidateTitle.java:46)
]]></failure>
  </testcase>
</testsuite>